# JRE version: OpenJDK Runtime Environment Temurin-21.0.10+7 (21.0.10+7) (build 21.0.10+7-LTS)
# Java VM: OpenJDK 64-Bit Server VM Temurin-21.0.10+7 (21.0.10+7-LTS, mixed mode, sharing, tiered, compressed oops, compressed class ptrs, parallel gc, windows-amd64)
GC Precious Log:
 CardTable entry size: 512
 CPUs: 16 total, 16 available
 Memory: 16167M
 Large Page Support: Disabled
 NUMA Support: Disabled
 Compressed Oops: Enabled (32-bit)
 Alignments: Space 512K, Generation 512K, Heap 2M
 Heap Min Capacity: 100M
 Heap Initial Capacity: 100M
 Heap Max Capacity: 2G
 Pre-touch: Disabled
 Parallel Workers: 13
Heap:
 PSYoungGen      total 12288K, used 9011K [0x00000000d5580000, 0x00000000d6b80000, 0x0000000100000000)
  eden space 11264K, 71% used [0x00000000d5580000,0x00000000d5d51a30,0x00000000d6080000)
  from space 1024K, 99% used [0x00000000d6680000,0x00000000d677fb88,0x00000000d6780000)
  to   space 5632K, 0% used [0x00000000d6080000,0x00000000d6080000,0x00000000d6600000)
 ParOldGen       total 107520K, used 107134K [0x0000000080000000, 0x0000000086900000, 0x00000000d5580000)
  object space 107520K, 99% used [0x0000000080000000,0x000000008689fbd8,0x0000000086900000)
 Metaspace       used 71688K, committed 73216K, reserved 1114112K
  class space    used 8868K, committed 9472K, reserved 1048576K
GC Heap History (20 events):
Event: 122.500 GC heap after
{Heap after GC invocations=57 (full 3):
 PSYoungGen      total 26112K, used 4759K [0x00000000d5580000, 0x00000000d7500000, 0x0000000100000000)
  eden space 20992K, 0% used [0x00000000d5580000,0x00000000d5580000,0x00000000d6a00000)
  from space 5120K, 92% used [0x00000000d7000000,0x00000000d74a5e80,0x00000000d7500000)
  to   space 5120K, 0% used [0x00000000d6b00000,0x00000000d6b00000,0x00000000d7000000)
 ParOldGen       total 68608K, used 58884K [0x0000000080000000, 0x0000000084300000, 0x00000000d5580000)
  object space 68608K, 85% used [0x0000000080000000,0x0000000083981318,0x0000000084300000)
 Metaspace       used 71239K, committed 72640K, reserved 1114112K
  class space    used 8813K, committed 9408K, reserved 1048576K
}
Event: 122.766 GC heap before
{Heap before GC invocations=58 (full 3):
 PSYoungGen      total 26112K, used 25751K [0x00000000d5580000, 0x00000000d7500000, 0x0000000100000000)
  eden space 20992K, 100% used [0x00000000d5580000,0x00000000d6a00000,0x00000000d6a00000)
  from space 5120K, 92% used [0x00000000d7000000,0x00000000d74a5e80,0x00000000d7500000)
  to   space 5120K, 0% used [0x00000000d6b00000,0x00000000d6b00000,0x00000000d7000000)
 ParOldGen       total 68608K, used 58884K [0x0000000080000000, 0x0000000084300000, 0x00000000d5580000)
  object space 68608K, 85% used [0x0000000080000000,0x0000000083981318,0x0000000084300000)
 Metaspace       used 71320K, committed 72768K, reserved 1114112K
  class space    used 8821K, committed 9408K, reserved 1048576K
}
Event: 122.776 GC heap after
{Heap after GC invocations=58 (full 3):
 PSYoungGen      total 26112K, used 4928K [0x00000000d5580000, 0x00000000d7400000, 0x0000000100000000)
  eden space 20992K, 0% used [0x00000000d5580000,0x00000000d5580000,0x00000000d6a00000)
  from space 5120K, 96% used [0x00000000d6b00000,0x00000000d6fd0010,0x00000000d7000000)
  to   space 4096K, 0% used [0x00000000d7000000,0x00000000d7000000,0x00000000d7400000)
 ParOldGen       total 68608K, used 63248K [0x0000000080000000, 0x0000000084300000, 0x00000000d5580000)
  object space 68608K, 92% used [0x0000000080000000,0x0000000083dc4060,0x0000000084300000)
 Metaspace       used 71320K, committed 72768K, reserved 1114112K
  class space    used 8821K, committed 9408K, reserved 1048576K
}
Event: 122.991 GC heap before
{Heap before GC invocations=59 (full 3):
 PSYoungGen      total 26112K, used 25920K [0x00000000d5580000, 0x00000000d7400000, 0x0000000100000000)
  eden space 20992K, 100% used [0x00000000d5580000,0x00000000d6a00000,0x00000000d6a00000)
  from space 5120K, 96% used [0x00000000d6b00000,0x00000000d6fd0010,0x00000000d7000000)
  to   space 4096K, 0% used [0x00000000d7000000,0x00000000d7000000,0x00000000d7400000)
 ParOldGen       total 68608K, used 63248K [0x0000000080000000, 0x0000000084300000, 0x00000000d5580000)
  object space 68608K, 92% used [0x0000000080000000,0x0000000083dc4060,0x0000000084300000)
 Metaspace       used 71607K, committed 73152K, reserved 1114112K
  class space    used 8854K, committed 9472K, reserved 1048576K
}
Event: 122.999 GC heap after
{Heap after GC invocations=59 (full 3):
 PSYoungGen      total 21504K, used 4073K [0x00000000d5580000, 0x00000000d7d00000, 0x0000000100000000)
  eden space 17408K, 0% used [0x00000000d5580000,0x00000000d5580000,0x00000000d6680000)
  from space 4096K, 99% used [0x00000000d7000000,0x00000000d73fa648,0x00000000d7400000)
  to   space 9728K, 0% used [0x00000000d6680000,0x00000000d6680000,0x00000000d7000000)
 ParOldGen       total 68608K, used 67880K [0x0000000080000000, 0x0000000084300000, 0x00000000d5580000)
  object space 68608K, 98% used [0x0000000080000000,0x000000008424a2a0,0x0000000084300000)
 Metaspace       used 71607K, committed 73152K, reserved 1114112K
  class space    used 8854K, committed 9472K, reserved 1048576K
}
Event: 123.170 GC heap before
{Heap before GC invocations=60 (full 3):
 PSYoungGen      total 21504K, used 21481K [0x00000000d5580000, 0x00000000d7d00000, 0x0000000100000000)
  eden space 17408K, 100% used [0x00000000d5580000,0x00000000d6680000,0x00000000d6680000)
  from space 4096K, 99% used [0x00000000d7000000,0x00000000d73fa648,0x00000000d7400000)
  to   space 9728K, 0% used [0x00000000d6680000,0x00000000d6680000,0x00000000d7000000)
 ParOldGen       total 68608K, used 67880K [0x0000000080000000, 0x0000000084300000, 0x00000000d5580000)
  object space 68608K, 98% used [0x0000000080000000,0x000000008424a2a0,0x0000000084300000)
 Metaspace       used 71619K, committed 73152K, reserved 1114112K
  class space    used 8855K, committed 9472K, reserved 1048576K
}
Event: 123.177 GC heap after
{Heap after GC invocations=60 (full 3):
 PSYoungGen      total 21504K, used 3973K [0x00000000d5580000, 0x00000000d7280000, 0x0000000100000000)
  eden space 17408K, 0% used [0x00000000d5580000,0x00000000d5580000,0x00000000d6680000)
  from space 4096K, 97% used [0x00000000d6680000,0x00000000d6a615f0,0x00000000d6a80000)
  to   space 6144K, 0% used [0x00000000d6c80000,0x00000000d6c80000,0x00000000d7280000)
 ParOldGen       total 72192K, used 71735K [0x0000000080000000, 0x0000000084680000, 0x00000000d5580000)
  object space 72192K, 99% used [0x0000000080000000,0x000000008460dfc0,0x0000000084680000)
 Metaspace       used 71619K, committed 73152K, reserved 1114112K
  class space    used 8855K, committed 9472K, reserved 1048576K
}
Event: 123.341 GC heap before
{Heap before GC invocations=61 (full 3):
 PSYoungGen      total 21504K, used 21381K [0x00000000d5580000, 0x00000000d7280000, 0x0000000100000000)
  eden space 17408K, 100% used [0x00000000d5580000,0x00000000d6680000,0x00000000d6680000)
  from space 4096K, 97% used [0x00000000d6680000,0x00000000d6a615f0,0x00000000d6a80000)
  to   space 6144K, 0% used [0x00000000d6c80000,0x00000000d6c80000,0x00000000d7280000)
 ParOldGen       total 72192K, used 71735K [0x0000000080000000, 0x0000000084680000, 0x00000000d5580000)
  object space 72192K, 99% used [0x0000000080000000,0x000000008460dfc0,0x0000000084680000)
 Metaspace       used 71628K, committed 73152K, reserved 1114112K
  class space    used 8857K, committed 9472K, reserved 1048576K
}
Event: 123.349 GC heap after
{Heap after GC invocations=61 (full 3):
 PSYoungGen      total 21504K, used 3813K [0x00000000d5580000, 0x00000000d7080000, 0x0000000100000000)
  eden space 17408K, 0% used [0x00000000d5580000,0x00000000d5580000,0x00000000d6680000)
  from space 4096K, 93% used [0x00000000d6c80000,0x00000000d7039470,0x00000000d7080000)
  to   space 4608K, 0% used [0x00000000d6780000,0x00000000d6780000,0x00000000d6c00000)
 ParOldGen       total 75776K, used 75389K [0x0000000080000000, 0x0000000084a00000, 0x00000000d5580000)
  object space 75776K, 99% used [0x0000000080000000,0x000000008499f520,0x0000000084a00000)
 Metaspace       used 71628K, committed 73152K, reserved 1114112K
  class space    used 8857K, committed 9472K, reserved 1048576K
}
Event: 123.530 GC heap before
{Heap before GC invocations=62 (full 3):
 PSYoungGen      total 21504K, used 21221K [0x00000000d5580000, 0x00000000d7080000, 0x0000000100000000)
  eden space 17408K, 100% used [0x00000000d5580000,0x00000000d6680000,0x00000000d6680000)
  from space 4096K, 93% used [0x00000000d6c80000,0x00000000d7039470,0x00000000d7080000)
  to   space 4608K, 0% used [0x00000000d6780000,0x00000000d6780000,0x00000000d6c00000)
 ParOldGen       total 75776K, used 75389K [0x0000000080000000, 0x0000000084a00000, 0x00000000d5580000)
  object space 75776K, 99% used [0x0000000080000000,0x000000008499f520,0x0000000084a00000)
 Metaspace       used 71636K, committed 73152K, reserved 1114112K
  class space    used 8857K, committed 9472K, reserved 1048576K
}
Event: 123.535 GC heap after
{Heap after GC invocations=62 (full 3):
 PSYoungGen      total 21504K, used 3641K [0x00000000d5580000, 0x00000000d6e80000, 0x0000000100000000)
  eden space 17408K, 0% used [0x00000000d5580000,0x00000000d5580000,0x00000000d6680000)
  from space 4096K, 88% used [0x00000000d6780000,0x00000000d6b0e430,0x00000000d6b80000)
  to   space 3072K, 0% used [0x00000000d6b80000,0x00000000d6b80000,0x00000000d6e80000)
 ParOldGen       total 79360K, used 78937K [0x0000000080000000, 0x0000000084d80000, 0x00000000d5580000)
  object space 79360K, 99% used [0x0000000080000000,0x0000000084d16440,0x0000000084d80000)
 Metaspace       used 71636K, committed 73152K, reserved 1114112K
  class space    used 8857K, committed 9472K, reserved 1048576K
}
Event: 123.715 GC heap before
{Heap before GC invocations=63 (full 3):
 PSYoungGen      total 21504K, used 21049K [0x00000000d5580000, 0x00000000d6e80000, 0x0000000100000000)
  eden space 17408K, 100% used [0x00000000d5580000,0x00000000d6680000,0x00000000d6680000)
  from space 4096K, 88% used [0x00000000d6780000,0x00000000d6b0e430,0x00000000d6b80000)
  to   space 3072K, 0% used [0x00000000d6b80000,0x00000000d6b80000,0x00000000d6e80000)
 ParOldGen       total 79360K, used 78937K [0x0000000080000000, 0x0000000084d80000, 0x00000000d5580000)
  object space 79360K, 99% used [0x0000000080000000,0x0000000084d16440,0x0000000084d80000)
 Metaspace       used 71655K, committed 73152K, reserved 1114112K
  class space    used 8860K, committed 9472K, reserved 1048576K
}
Event: 123.724 GC heap after
{Heap after GC invocations=63 (full 3):
 PSYoungGen      total 16896K, used 3051K [0x00000000d5580000, 0x00000000d7780000, 0x0000000100000000)
  eden space 13824K, 0% used [0x00000000d5580000,0x00000000d5580000,0x00000000d6300000)
  from space 3072K, 99% used [0x00000000d6b80000,0x00000000d6e7afa0,0x00000000d6e80000)
  to   space 8704K, 0% used [0x00000000d6300000,0x00000000d6300000,0x00000000d6b80000)
 ParOldGen       total 83968K, used 83524K [0x0000000080000000, 0x0000000085200000, 0x00000000d5580000)
  object space 83968K, 99% used [0x0000000080000000,0x00000000851911e0,0x0000000085200000)
 Metaspace       used 71655K, committed 73152K, reserved 1114112K
  class space    used 8860K, committed 9472K, reserved 1048576K
}
Event: 123.852 GC heap before
{Heap before GC invocations=64 (full 3):
 PSYoungGen      total 16896K, used 16875K [0x00000000d5580000, 0x00000000d7780000, 0x0000000100000000)
  eden space 13824K, 100% used [0x00000000d5580000,0x00000000d6300000,0x00000000d6300000)
  from space 3072K, 99% used [0x00000000d6b80000,0x00000000d6e7afa0,0x00000000d6e80000)
  to   space 8704K, 0% used [0x00000000d6300000,0x00000000d6300000,0x00000000d6b80000)
 ParOldGen       total 83968K, used 83524K [0x0000000080000000, 0x0000000085200000, 0x00000000d5580000)
  object space 83968K, 99% used [0x0000000080000000,0x00000000851911e0,0x0000000085200000)
 Metaspace       used 71655K, committed 73152K, reserved 1114112K
  class space    used 8860K, committed 9472K, reserved 1048576K
}
Event: 123.860 GC heap after
{Heap after GC invocations=64 (full 3):
 PSYoungGen      total 17408K, used 3325K [0x00000000d5580000, 0x00000000d6d00000, 0x0000000100000000)
  eden space 13824K, 0% used [0x00000000d5580000,0x00000000d5580000,0x00000000d6300000)
  from space 3584K, 92% used [0x00000000d6300000,0x00000000d663f568,0x00000000d6680000)
  to   space 5120K, 0% used [0x00000000d6800000,0x00000000d6800000,0x00000000d6d00000)
 ParOldGen       total 87040K, used 86549K [0x0000000080000000, 0x0000000085500000, 0x00000000d5580000)
  object space 87040K, 99% used [0x0000000080000000,0x00000000854855f8,0x0000000085500000)
 Metaspace       used 71655K, committed 73152K, reserved 1114112K
  class space    used 8860K, committed 9472K, reserved 1048576K
}
Event: 124.004 GC heap before
{Heap before GC invocations=65 (full 3):
 PSYoungGen      total 17408K, used 17149K [0x00000000d5580000, 0x00000000d6d00000, 0x0000000100000000)
  eden space 13824K, 100% used [0x00000000d5580000,0x00000000d6300000,0x00000000d6300000)
  from space 3584K, 92% used [0x00000000d6300000,0x00000000d663f568,0x00000000d6680000)
  to   space 5120K, 0% used [0x00000000d6800000,0x00000000d6800000,0x00000000d6d00000)
 ParOldGen       total 87040K, used 86549K [0x0000000080000000, 0x0000000085500000, 0x00000000d5580000)
  object space 87040K, 99% used [0x0000000080000000,0x00000000854855f8,0x0000000085500000)
 Metaspace       used 71685K, committed 73216K, reserved 1114112K
  class space    used 8868K, committed 9472K, reserved 1048576K
}
Event: 124.012 GC heap after
{Heap after GC invocations=65 (full 3):
 PSYoungGen      total 16896K, used 3042K [0x00000000d5580000, 0x00000000d6b00000, 0x0000000100000000)
  eden space 13824K, 0% used [0x00000000d5580000,0x00000000d5580000,0x00000000d6300000)
  from space 3072K, 99% used [0x00000000d6800000,0x00000000d6af8a30,0x00000000d6b00000)
  to   space 3584K, 0% used [0x00000000d6400000,0x00000000d6400000,0x00000000d6780000)
 ParOldGen       total 90112K, used 89648K [0x0000000080000000, 0x0000000085800000, 0x00000000d5580000)
  object space 90112K, 99% used [0x0000000080000000,0x000000008578c350,0x0000000085800000)
 Metaspace       used 71685K, committed 73216K, reserved 1114112K
  class space    used 8868K, committed 9472K, reserved 1048576K
}
Event: 124.138 GC heap before
{Heap before GC invocations=66 (full 3):
 PSYoungGen      total 16896K, used 16866K [0x00000000d5580000, 0x00000000d6b00000, 0x0000000100000000)
  eden space 13824K, 100% used [0x00000000d5580000,0x00000000d6300000,0x00000000d6300000)
  from space 3072K, 99% used [0x00000000d6800000,0x00000000d6af8a30,0x00000000d6b00000)
  to   space 3584K, 0% used [0x00000000d6400000,0x00000000d6400000,0x00000000d6780000)
 ParOldGen       total 90112K, used 89648K [0x0000000080000000, 0x0000000085800000, 0x00000000d5580000)
  object space 90112K, 99% used [0x0000000080000000,0x000000008578c350,0x0000000085800000)
 Metaspace       used 71685K, committed 73216K, reserved 1114112K
  class space    used 8868K, committed 9472K, reserved 1048576K
}
Event: 124.144 GC heap after
{Heap after GC invocations=66 (full 3):
 PSYoungGen      total 17408K, used 3417K [0x00000000d5580000, 0x00000000d6a00000, 0x0000000100000000)
  eden space 13824K, 0% used [0x00000000d5580000,0x00000000d5580000,0x00000000d6300000)
  from space 3584K, 95% used [0x00000000d6400000,0x00000000d67565a8,0x00000000d6780000)
  to   space 2560K, 0% used [0x00000000d6780000,0x00000000d6780000,0x00000000d6a00000)
 ParOldGen       total 92672K, used 92462K [0x0000000080000000, 0x0000000085a80000, 0x00000000d5580000)
  object space 92672K, 99% used [0x0000000080000000,0x0000000085a4b908,0x0000000085a80000)
 Metaspace       used 71685K, committed 73216K, reserved 1114112K
  class space    used 8868K, committed 9472K, reserved 1048576K
}
Event: 124.283 GC heap before
{Heap before GC invocations=67 (full 3):
 PSYoungGen      total 17408K, used 17241K [0x00000000d5580000, 0x00000000d6a00000, 0x0000000100000000)
  eden space 13824K, 100% used [0x00000000d5580000,0x00000000d6300000,0x00000000d6300000)
  from space 3584K, 95% used [0x00000000d6400000,0x00000000d67565a8,0x00000000d6780000)
  to   space 2560K, 0% used [0x00000000d6780000,0x00000000d6780000,0x00000000d6a00000)
 ParOldGen       total 92672K, used 92462K [0x0000000080000000, 0x0000000085a80000, 0x00000000d5580000)
  object space 92672K, 99% used [0x0000000080000000,0x0000000085a4b908,0x0000000085a80000)
 Metaspace       used 71686K, committed 73216K, reserved 1114112K
  class space    used 8868K, committed 9472K, reserved 1048576K
}

