# JRE version: OpenJDK Runtime Environment Temurin-21.0.10+7 (21.0.10+7) (build 21.0.10+7-LTS)
# Java VM: OpenJDK 64-Bit Server VM Temurin-21.0.10+7 (21.0.10+7-LTS, mixed mode, sharing, tiered, compressed oops, compressed class ptrs, parallel gc, windows-amd64)
GC Precious Log:
 CardTable entry size: 512
 CPUs: 16 total, 16 available
 Memory: 16167M
 Large Page Support: Disabled
 NUMA Support: Disabled
 Compressed Oops: Enabled (32-bit)
 Alignments: Space 512K, Generation 512K, Heap 2M
 Heap Min Capacity: 100M
 Heap Initial Capacity: 100M
 Heap Max Capacity: 2G
 Pre-touch: Disabled
 Parallel Workers: 13
Heap:
 PSYoungGen      total 13312K, used 3400K [0x00000000d5580000, 0x00000000d6500000, 0x0000000100000000)
  eden space 12800K, 22% used [0x00000000d5580000,0x00000000d585a3d8,0x00000000d6200000)
  from space 512K, 93% used [0x00000000d6380000,0x00000000d63f8010,0x00000000d6400000)
  to   space 1536K, 0% used [0x00000000d6200000,0x00000000d6200000,0x00000000d6380000)
 ParOldGen       total 68608K, used 49653K [0x0000000080000000, 0x0000000084300000, 0x00000000d5580000)
  object space 68608K, 72% used [0x0000000080000000,0x000000008307d668,0x0000000084300000)
 Metaspace       used 70441K, committed 71872K, reserved 1114112K
  class space    used 8806K, committed 9472K, reserved 1048576K
GC Heap History (20 events):
Event: 57.123 GC heap before
{Heap before GC invocations=62 (full 3):
 PSYoungGen      total 14336K, used 14048K [0x00000000d5580000, 0x00000000d6480000, 0x0000000100000000)
  eden space 13824K, 100% used [0x00000000d5580000,0x00000000d6300000,0x00000000d6300000)
  from space 512K, 43% used [0x00000000d6400000,0x00000000d6438000,0x00000000d6480000)
  to   space 512K, 0% used [0x00000000d6380000,0x00000000d6380000,0x00000000d6400000)
 ParOldGen       total 68608K, used 43790K [0x0000000080000000, 0x0000000084300000, 0x00000000d5580000)
  object space 68608K, 63% used [0x0000000080000000,0x0000000082ac3880,0x0000000084300000)
 Metaspace       used 63125K, committed 64512K, reserved 1114112K
  class space    used 7910K, committed 8512K, reserved 1048576K
}
Event: 57.126 GC heap after
{Heap after GC invocations=62 (full 3):
 PSYoungGen      total 14336K, used 512K [0x00000000d5580000, 0x00000000d6500000, 0x0000000100000000)
  eden space 13824K, 0% used [0x00000000d5580000,0x00000000d5580000,0x00000000d6300000)
  from space 512K, 100% used [0x00000000d6380000,0x00000000d6400000,0x00000000d6400000)
  to   space 1024K, 0% used [0x00000000d6400000,0x00000000d6400000,0x00000000d6500000)
 ParOldGen       total 68608K, used 44134K [0x0000000080000000, 0x0000000084300000, 0x00000000d5580000)
  object space 68608K, 64% used [0x0000000080000000,0x0000000082b19880,0x0000000084300000)
 Metaspace       used 63125K, committed 64512K, reserved 1114112K
  class space    used 7910K, committed 8512K, reserved 1048576K
}
Event: 65.714 GC heap before
{Heap before GC invocations=63 (full 3):
 PSYoungGen      total 14336K, used 14336K [0x00000000d5580000, 0x00000000d6500000, 0x0000000100000000)
  eden space 13824K, 100% used [0x00000000d5580000,0x00000000d6300000,0x00000000d6300000)
  from space 512K, 100% used [0x00000000d6380000,0x00000000d6400000,0x00000000d6400000)
  to   space 1024K, 0% used [0x00000000d6400000,0x00000000d6400000,0x00000000d6500000)
 ParOldGen       total 68608K, used 44134K [0x0000000080000000, 0x0000000084300000, 0x00000000d5580000)
  object space 68608K, 64% used [0x0000000080000000,0x0000000082b19880,0x0000000084300000)
 Metaspace       used 63925K, committed 65280K, reserved 1114112K
  class space    used 8021K, committed 8576K, reserved 1048576K
}
Event: 65.718 GC heap after
{Heap after GC invocations=63 (full 3):
 PSYoungGen      total 13824K, used 1013K [0x00000000d5580000, 0x00000000d6700000, 0x0000000100000000)
  eden space 12800K, 0% used [0x00000000d5580000,0x00000000d5580000,0x00000000d6200000)
  from space 1024K, 98% used [0x00000000d6400000,0x00000000d64fd680,0x00000000d6500000)
  to   space 2048K, 0% used [0x00000000d6200000,0x00000000d6200000,0x00000000d6400000)
 ParOldGen       total 68608K, used 44694K [0x0000000080000000, 0x0000000084300000, 0x00000000d5580000)
  object space 68608K, 65% used [0x0000000080000000,0x0000000082ba5880,0x0000000084300000)
 Metaspace       used 63925K, committed 65280K, reserved 1114112K
  class space    used 8021K, committed 8576K, reserved 1048576K
}
Event: 66.015 GC heap before
{Heap before GC invocations=64 (full 3):
 PSYoungGen      total 13824K, used 13813K [0x00000000d5580000, 0x00000000d6700000, 0x0000000100000000)
  eden space 12800K, 100% used [0x00000000d5580000,0x00000000d6200000,0x00000000d6200000)
  from space 1024K, 98% used [0x00000000d6400000,0x00000000d64fd680,0x00000000d6500000)
  to   space 2048K, 0% used [0x00000000d6200000,0x00000000d6200000,0x00000000d6400000)
 ParOldGen       total 68608K, used 44694K [0x0000000080000000, 0x0000000084300000, 0x00000000d5580000)
  object space 68608K, 65% used [0x0000000080000000,0x0000000082ba5880,0x0000000084300000)
 Metaspace       used 65054K, committed 66432K, reserved 1114112K
  class space    used 8137K, committed 8768K, reserved 1048576K
}
Event: 66.019 GC heap after
{Heap after GC invocations=64 (full 3):
 PSYoungGen      total 14848K, used 1792K [0x00000000d5580000, 0x00000000d6600000, 0x0000000100000000)
  eden space 12800K, 0% used [0x00000000d5580000,0x00000000d5580000,0x00000000d6200000)
  from space 2048K, 87% used [0x00000000d6200000,0x00000000d63c0000,0x00000000d6400000)
  to   space 2048K, 0% used [0x00000000d6400000,0x00000000d6400000,0x00000000d6600000)
 ParOldGen       total 68608K, used 45659K [0x0000000080000000, 0x0000000084300000, 0x00000000d5580000)
  object space 68608K, 66% used [0x0000000080000000,0x0000000082c96f10,0x0000000084300000)
 Metaspace       used 65054K, committed 66432K, reserved 1114112K
  class space    used 8137K, committed 8768K, reserved 1048576K
}
Event: 66.681 GC heap before
{Heap before GC invocations=65 (full 3):
 PSYoungGen      total 14848K, used 14592K [0x00000000d5580000, 0x00000000d6600000, 0x0000000100000000)
  eden space 12800K, 100% used [0x00000000d5580000,0x00000000d6200000,0x00000000d6200000)
  from space 2048K, 87% used [0x00000000d6200000,0x00000000d63c0000,0x00000000d6400000)
  to   space 2048K, 0% used [0x00000000d6400000,0x00000000d6400000,0x00000000d6600000)
 ParOldGen       total 68608K, used 45659K [0x0000000080000000, 0x0000000084300000, 0x00000000d5580000)
  object space 68608K, 66% used [0x0000000080000000,0x0000000082c96f10,0x0000000084300000)
 Metaspace       used 67581K, committed 68928K, reserved 1114112K
  class space    used 8454K, committed 9024K, reserved 1048576K
}
Event: 66.686 GC heap after
{Heap after GC invocations=65 (full 3):
 PSYoungGen      total 13824K, used 810K [0x00000000d5580000, 0x00000000d6500000, 0x0000000100000000)
  eden space 12800K, 0% used [0x00000000d5580000,0x00000000d5580000,0x00000000d6200000)
  from space 1024K, 79% used [0x00000000d6400000,0x00000000d64cab48,0x00000000d6500000)
  to   space 1536K, 0% used [0x00000000d6200000,0x00000000d6200000,0x00000000d6380000)
 ParOldGen       total 68608K, used 47234K [0x0000000080000000, 0x0000000084300000, 0x00000000d5580000)
  object space 68608K, 68% used [0x0000000080000000,0x0000000082e20ab0,0x0000000084300000)
 Metaspace       used 67581K, committed 68928K, reserved 1114112K
  class space    used 8454K, committed 9024K, reserved 1048576K
}
Event: 70.110 GC heap before
{Heap before GC invocations=66 (full 3):
 PSYoungGen      total 13824K, used 13610K [0x00000000d5580000, 0x00000000d6500000, 0x0000000100000000)
  eden space 12800K, 100% used [0x00000000d5580000,0x00000000d6200000,0x00000000d6200000)
  from space 1024K, 79% used [0x00000000d6400000,0x00000000d64cab48,0x00000000d6500000)
  to   space 1536K, 0% used [0x00000000d6200000,0x00000000d6200000,0x00000000d6380000)
 ParOldGen       total 68608K, used 47234K [0x0000000080000000, 0x0000000084300000, 0x00000000d5580000)
  object space 68608K, 68% used [0x0000000080000000,0x0000000082e20ab0,0x0000000084300000)
 Metaspace       used 68460K, committed 69824K, reserved 1114112K
  class space    used 8559K, committed 9152K, reserved 1048576K
}
Event: 70.113 GC heap after
{Heap after GC invocations=66 (full 3):
 PSYoungGen      total 14336K, used 1213K [0x00000000d5580000, 0x00000000d6500000, 0x0000000100000000)
  eden space 12800K, 0% used [0x00000000d5580000,0x00000000d5580000,0x00000000d6200000)
  from space 1536K, 78% used [0x00000000d6200000,0x00000000d632f520,0x00000000d6380000)
  to   space 1536K, 0% used [0x00000000d6380000,0x00000000d6380000,0x00000000d6500000)
 ParOldGen       total 68608K, used 47831K [0x0000000080000000, 0x0000000084300000, 0x00000000d5580000)
  object space 68608K, 69% used [0x0000000080000000,0x0000000082eb5ce0,0x0000000084300000)
 Metaspace       used 68460K, committed 69824K, reserved 1114112K
  class space    used 8559K, committed 9152K, reserved 1048576K
}
Event: 70.438 GC heap before
{Heap before GC invocations=67 (full 3):
 PSYoungGen      total 14336K, used 14013K [0x00000000d5580000, 0x00000000d6500000, 0x0000000100000000)
  eden space 12800K, 100% used [0x00000000d5580000,0x00000000d6200000,0x00000000d6200000)
  from space 1536K, 78% used [0x00000000d6200000,0x00000000d632f520,0x00000000d6380000)
  to   space 1536K, 0% used [0x00000000d6380000,0x00000000d6380000,0x00000000d6500000)
 ParOldGen       total 68608K, used 47831K [0x0000000080000000, 0x0000000084300000, 0x00000000d5580000)
  object space 68608K, 69% used [0x0000000080000000,0x0000000082eb5ce0,0x0000000084300000)
 Metaspace       used 68463K, committed 69824K, reserved 1114112K
  class space    used 8559K, committed 9152K, reserved 1048576K
}
Event: 70.442 GC heap after
{Heap after GC invocations=67 (full 3):
 PSYoungGen      total 13312K, used 320K [0x00000000d5580000, 0x00000000d6400000, 0x0000000100000000)
  eden space 12800K, 0% used [0x00000000d5580000,0x00000000d5580000,0x00000000d6200000)
  from space 512K, 62% used [0x00000000d6380000,0x00000000d63d0000,0x00000000d6400000)
  to   space 1024K, 0% used [0x00000000d6200000,0x00000000d6200000,0x00000000d6300000)
 ParOldGen       total 68608K, used 48848K [0x0000000080000000, 0x0000000084300000, 0x00000000d5580000)
  object space 68608K, 71% used [0x0000000080000000,0x0000000082fb4220,0x0000000084300000)
 Metaspace       used 68463K, committed 69824K, reserved 1114112K
  class space    used 8559K, committed 9152K, reserved 1048576K
}
Event: 70.660 GC heap before
{Heap before GC invocations=68 (full 3):
 PSYoungGen      total 13312K, used 13120K [0x00000000d5580000, 0x00000000d6400000, 0x0000000100000000)
  eden space 12800K, 100% used [0x00000000d5580000,0x00000000d6200000,0x00000000d6200000)
  from space 512K, 62% used [0x00000000d6380000,0x00000000d63d0000,0x00000000d6400000)
  to   space 1024K, 0% used [0x00000000d6200000,0x00000000d6200000,0x00000000d6300000)
 ParOldGen       total 68608K, used 48848K [0x0000000080000000, 0x0000000084300000, 0x00000000d5580000)
  object space 68608K, 71% used [0x0000000080000000,0x0000000082fb4220,0x0000000084300000)
 Metaspace       used 68463K, committed 69824K, reserved 1114112K
  class space    used 8559K, committed 9152K, reserved 1048576K
}
Event: 70.661 GC heap after
{Heap after GC invocations=68 (full 3):
 PSYoungGen      total 13824K, used 128K [0x00000000d5580000, 0x00000000d6400000, 0x0000000100000000)
  eden space 12800K, 0% used [0x00000000d5580000,0x00000000d5580000,0x00000000d6200000)
  from space 1024K, 12% used [0x00000000d6200000,0x00000000d6220000,0x00000000d6300000)
  to   space 512K, 0% used [0x00000000d6380000,0x00000000d6380000,0x00000000d6400000)
 ParOldGen       total 68608K, used 48912K [0x0000000080000000, 0x0000000084300000, 0x00000000d5580000)
  object space 68608K, 71% used [0x0000000080000000,0x0000000082fc4220,0x0000000084300000)
 Metaspace       used 68463K, committed 69824K, reserved 1114112K
  class space    used 8559K, committed 9152K, reserved 1048576K
}
Event: 71.286 GC heap before
{Heap before GC invocations=69 (full 3):
 PSYoungGen      total 13824K, used 12928K [0x00000000d5580000, 0x00000000d6400000, 0x0000000100000000)
  eden space 12800K, 100% used [0x00000000d5580000,0x00000000d6200000,0x00000000d6200000)
  from space 1024K, 12% used [0x00000000d6200000,0x00000000d6220000,0x00000000d6300000)
  to   space 512K, 0% used [0x00000000d6380000,0x00000000d6380000,0x00000000d6400000)
 ParOldGen       total 68608K, used 48912K [0x0000000080000000, 0x0000000084300000, 0x00000000d5580000)
  object space 68608K, 71% used [0x0000000080000000,0x0000000082fc4220,0x0000000084300000)
 Metaspace       used 68596K, committed 69952K, reserved 1114112K
  class space    used 8583K, committed 9216K, reserved 1048576K
}
Event: 71.291 GC heap after
{Heap after GC invocations=69 (full 3):
 PSYoungGen      total 13312K, used 416K [0x00000000d5580000, 0x00000000d6400000, 0x0000000100000000)
  eden space 12800K, 0% used [0x00000000d5580000,0x00000000d5580000,0x00000000d6200000)
  from space 512K, 81% used [0x00000000d6380000,0x00000000d63e8000,0x00000000d6400000)
  to   space 512K, 0% used [0x00000000d6300000,0x00000000d6300000,0x00000000d6380000)
 ParOldGen       total 68608K, used 48920K [0x0000000080000000, 0x0000000084300000, 0x00000000d5580000)
  object space 68608K, 71% used [0x0000000080000000,0x0000000082fc6220,0x0000000084300000)
 Metaspace       used 68596K, committed 69952K, reserved 1114112K
  class space    used 8583K, committed 9216K, reserved 1048576K
}
Event: 73.003 GC heap before
{Heap before GC invocations=70 (full 3):
 PSYoungGen      total 13312K, used 13215K [0x00000000d5580000, 0x00000000d6400000, 0x0000000100000000)
  eden space 12800K, 99% used [0x00000000d5580000,0x00000000d61ffff0,0x00000000d6200000)
  from space 512K, 81% used [0x00000000d6380000,0x00000000d63e8000,0x00000000d6400000)
  to   space 512K, 0% used [0x00000000d6300000,0x00000000d6300000,0x00000000d6380000)
 ParOldGen       total 68608K, used 48920K [0x0000000080000000, 0x0000000084300000, 0x00000000d5580000)
  object space 68608K, 71% used [0x0000000080000000,0x0000000082fc6220,0x0000000084300000)
 Metaspace       used 69554K, committed 70976K, reserved 1114112K
  class space    used 8693K, committed 9344K, reserved 1048576K
}
Event: 73.006 GC heap after
{Heap after GC invocations=70 (full 3):
 PSYoungGen      total 13312K, used 512K [0x00000000d5580000, 0x00000000d6400000, 0x0000000100000000)
  eden space 12800K, 0% used [0x00000000d5580000,0x00000000d5580000,0x00000000d6200000)
  from space 512K, 100% used [0x00000000d6300000,0x00000000d6380000,0x00000000d6380000)
  to   space 512K, 0% used [0x00000000d6380000,0x00000000d6380000,0x00000000d6400000)
 ParOldGen       total 68608K, used 49136K [0x0000000080000000, 0x0000000084300000, 0x00000000d5580000)
  object space 68608K, 71% used [0x0000000080000000,0x0000000082ffc3c8,0x0000000084300000)
 Metaspace       used 69554K, committed 70976K, reserved 1114112K
  class space    used 8693K, committed 9344K, reserved 1048576K
}
Event: 113.196 GC heap before
{Heap before GC invocations=71 (full 3):
 PSYoungGen      total 13312K, used 13312K [0x00000000d5580000, 0x00000000d6400000, 0x0000000100000000)
  eden space 12800K, 100% used [0x00000000d5580000,0x00000000d6200000,0x00000000d6200000)
  from space 512K, 100% used [0x00000000d6300000,0x00000000d6380000,0x00000000d6380000)
  to   space 512K, 0% used [0x00000000d6380000,0x00000000d6380000,0x00000000d6400000)
 ParOldGen       total 68608K, used 49136K [0x0000000080000000, 0x0000000084300000, 0x00000000d5580000)
  object space 68608K, 71% used [0x0000000080000000,0x0000000082ffc3c8,0x0000000084300000)
 Metaspace       used 70042K, committed 71488K, reserved 1114112K
  class space    used 8749K, committed 9408K, reserved 1048576K
}
Event: 113.199 GC heap after
{Heap after GC invocations=71 (full 3):
 PSYoungGen      total 13312K, used 480K [0x00000000d5580000, 0x00000000d6500000, 0x0000000100000000)
  eden space 12800K, 0% used [0x00000000d5580000,0x00000000d5580000,0x00000000d6200000)
  from space 512K, 93% used [0x00000000d6380000,0x00000000d63f8010,0x00000000d6400000)
  to   space 1536K, 0% used [0x00000000d6200000,0x00000000d6200000,0x00000000d6380000)
 ParOldGen       total 68608K, used 49653K [0x0000000080000000, 0x0000000084300000, 0x00000000d5580000)
  object space 68608K, 72% used [0x0000000080000000,0x000000008307d668,0x0000000084300000)
 Metaspace       used 70042K, committed 71488K, reserved 1114112K
  class space    used 8749K, committed 9408K, reserved 1048576K
}

