# JRE version: OpenJDK Runtime Environment Temurin-21.0.10+7 (21.0.10+7) (build 21.0.10+7-LTS)
# Java VM: OpenJDK 64-Bit Server VM Temurin-21.0.10+7 (21.0.10+7-LTS, mixed mode, sharing, tiered, compressed oops, compressed class ptrs, parallel gc, windows-amd64)
GC Precious Log:
 CardTable entry size: 512
 CPUs: 16 total, 16 available
 Memory: 16167M
 Large Page Support: Disabled
 NUMA Support: Disabled
 Compressed Oops: Enabled (32-bit)
 Alignments: Space 512K, Generation 512K, Heap 2M
 Heap Min Capacity: 100M
 Heap Initial Capacity: 100M
 Heap Max Capacity: 2G
 Pre-touch: Disabled
 Parallel Workers: 13
Heap:
 PSYoungGen      total 15872K, used 5347K [0x00000000d5580000, 0x00000000d6700000, 0x0000000100000000)
  eden space 14848K, 31% used [0x00000000d5580000,0x00000000d5a1adc8,0x00000000d6400000)
  from space 1024K, 61% used [0x00000000d6600000,0x00000000d669e1a8,0x00000000d6700000)
  to   space 1024K, 0% used [0x00000000d6400000,0x00000000d6400000,0x00000000d6500000)
 ParOldGen       total 68608K, used 47490K [0x0000000080000000, 0x0000000084300000, 0x00000000d5580000)
  object space 68608K, 69% used [0x0000000080000000,0x0000000082e609c8,0x0000000084300000)
 Metaspace       used 68832K, committed 70208K, reserved 1114112K
  class space    used 8556K, committed 9152K, reserved 1048576K
GC Heap History (20 events):
Event: 90.281 GC heap before
{Heap before GC invocations=56 (full 3):
 PSYoungGen      total 15872K, used 15857K [0x00000000d5580000, 0x00000000d6800000, 0x0000000100000000)
  eden space 14848K, 100% used [0x00000000d5580000,0x00000000d6400000,0x00000000d6400000)
  from space 1024K, 98% used [0x00000000d6680000,0x00000000d677c510,0x00000000d6780000)
  to   space 2048K, 0% used [0x00000000d6400000,0x00000000d6400000,0x00000000d6600000)
 ParOldGen       total 68608K, used 44486K [0x0000000080000000, 0x0000000084300000, 0x00000000d5580000)
  object space 68608K, 64% used [0x0000000080000000,0x0000000082b71a20,0x0000000084300000)
 Metaspace       used 66076K, committed 67392K, reserved 1114112K
  class space    used 8188K, committed 8704K, reserved 1048576K
}
Event: 90.282 GC heap after
{Heap after GC invocations=56 (full 3):
 PSYoungGen      total 16896K, used 416K [0x00000000d5580000, 0x00000000d6700000, 0x0000000100000000)
  eden space 14848K, 0% used [0x00000000d5580000,0x00000000d5580000,0x00000000d6400000)
  from space 2048K, 20% used [0x00000000d6400000,0x00000000d6468000,0x00000000d6600000)
  to   space 1024K, 0% used [0x00000000d6600000,0x00000000d6600000,0x00000000d6700000)
 ParOldGen       total 68608K, used 44590K [0x0000000080000000, 0x0000000084300000, 0x00000000d5580000)
  object space 68608K, 64% used [0x0000000080000000,0x0000000082b8ba20,0x0000000084300000)
 Metaspace       used 66076K, committed 67392K, reserved 1114112K
  class space    used 8188K, committed 8704K, reserved 1048576K
}
Event: 90.394 GC heap before
{Heap before GC invocations=57 (full 3):
 PSYoungGen      total 16896K, used 15264K [0x00000000d5580000, 0x00000000d6700000, 0x0000000100000000)
  eden space 14848K, 100% used [0x00000000d5580000,0x00000000d6400000,0x00000000d6400000)
  from space 2048K, 20% used [0x00000000d6400000,0x00000000d6468000,0x00000000d6600000)
  to   space 1024K, 0% used [0x00000000d6600000,0x00000000d6600000,0x00000000d6700000)
 ParOldGen       total 68608K, used 44590K [0x0000000080000000, 0x0000000084300000, 0x00000000d5580000)
  object space 68608K, 64% used [0x0000000080000000,0x0000000082b8ba20,0x0000000084300000)
 Metaspace       used 66076K, committed 67392K, reserved 1114112K
  class space    used 8188K, committed 8704K, reserved 1048576K
}
Event: 90.396 GC heap after
{Heap after GC invocations=57 (full 3):
 PSYoungGen      total 15872K, used 1011K [0x00000000d5580000, 0x00000000d6700000, 0x0000000100000000)
  eden space 14848K, 0% used [0x00000000d5580000,0x00000000d5580000,0x00000000d6400000)
  from space 1024K, 98% used [0x00000000d6600000,0x00000000d66fcc20,0x00000000d6700000)
  to   space 1536K, 0% used [0x00000000d6400000,0x00000000d6400000,0x00000000d6580000)
 ParOldGen       total 68608K, used 44729K [0x0000000080000000, 0x0000000084300000, 0x00000000d5580000)
  object space 68608K, 65% used [0x0000000080000000,0x0000000082bae740,0x0000000084300000)
 Metaspace       used 66076K, committed 67392K, reserved 1114112K
  class space    used 8188K, committed 8704K, reserved 1048576K
}
Event: 90.502 GC heap before
{Heap before GC invocations=58 (full 3):
 PSYoungGen      total 15872K, used 15859K [0x00000000d5580000, 0x00000000d6700000, 0x0000000100000000)
  eden space 14848K, 100% used [0x00000000d5580000,0x00000000d6400000,0x00000000d6400000)
  from space 1024K, 98% used [0x00000000d6600000,0x00000000d66fcc20,0x00000000d6700000)
  to   space 1536K, 0% used [0x00000000d6400000,0x00000000d6400000,0x00000000d6580000)
 ParOldGen       total 68608K, used 44729K [0x0000000080000000, 0x0000000084300000, 0x00000000d5580000)
  object space 68608K, 65% used [0x0000000080000000,0x0000000082bae740,0x0000000084300000)
 Metaspace       used 66076K, committed 67392K, reserved 1114112K
  class space    used 8188K, committed 8704K, reserved 1048576K
}
Event: 90.504 GC heap after
{Heap after GC invocations=58 (full 3):
 PSYoungGen      total 16384K, used 224K [0x00000000d5580000, 0x00000000d6680000, 0x0000000100000000)
  eden space 14848K, 0% used [0x00000000d5580000,0x00000000d5580000,0x00000000d6400000)
  from space 1536K, 14% used [0x00000000d6400000,0x00000000d6438000,0x00000000d6580000)
  to   space 1024K, 0% used [0x00000000d6580000,0x00000000d6580000,0x00000000d6680000)
 ParOldGen       total 68608K, used 44920K [0x0000000080000000, 0x0000000084300000, 0x00000000d5580000)
  object space 68608K, 65% used [0x0000000080000000,0x0000000082bde160,0x0000000084300000)
 Metaspace       used 66076K, committed 67392K, reserved 1114112K
  class space    used 8188K, committed 8704K, reserved 1048576K
}
Event: 90.635 GC heap before
{Heap before GC invocations=59 (full 3):
 PSYoungGen      total 16384K, used 15072K [0x00000000d5580000, 0x00000000d6680000, 0x0000000100000000)
  eden space 14848K, 100% used [0x00000000d5580000,0x00000000d6400000,0x00000000d6400000)
  from space 1536K, 14% used [0x00000000d6400000,0x00000000d6438000,0x00000000d6580000)
  to   space 1024K, 0% used [0x00000000d6580000,0x00000000d6580000,0x00000000d6680000)
 ParOldGen       total 68608K, used 44920K [0x0000000080000000, 0x0000000084300000, 0x00000000d5580000)
  object space 68608K, 65% used [0x0000000080000000,0x0000000082bde160,0x0000000084300000)
 Metaspace       used 66076K, committed 67392K, reserved 1114112K
  class space    used 8188K, committed 8704K, reserved 1048576K
}
Event: 90.637 GC heap after
{Heap after GC invocations=59 (full 3):
 PSYoungGen      total 15872K, used 954K [0x00000000d5580000, 0x00000000d6700000, 0x0000000100000000)
  eden space 14848K, 0% used [0x00000000d5580000,0x00000000d5580000,0x00000000d6400000)
  from space 1024K, 93% used [0x00000000d6580000,0x00000000d666e958,0x00000000d6680000)
  to   space 1536K, 0% used [0x00000000d6400000,0x00000000d6400000,0x00000000d6580000)
 ParOldGen       total 68608K, used 44992K [0x0000000080000000, 0x0000000084300000, 0x00000000d5580000)
  object space 68608K, 65% used [0x0000000080000000,0x0000000082bf0170,0x0000000084300000)
 Metaspace       used 66076K, committed 67392K, reserved 1114112K
  class space    used 8188K, committed 8704K, reserved 1048576K
}
Event: 90.751 GC heap before
{Heap before GC invocations=60 (full 3):
 PSYoungGen      total 15872K, used 15802K [0x00000000d5580000, 0x00000000d6700000, 0x0000000100000000)
  eden space 14848K, 100% used [0x00000000d5580000,0x00000000d6400000,0x00000000d6400000)
  from space 1024K, 93% used [0x00000000d6580000,0x00000000d666e958,0x00000000d6680000)
  to   space 1536K, 0% used [0x00000000d6400000,0x00000000d6400000,0x00000000d6580000)
 ParOldGen       total 68608K, used 44992K [0x0000000080000000, 0x0000000084300000, 0x00000000d5580000)
  object space 68608K, 65% used [0x0000000080000000,0x0000000082bf0170,0x0000000084300000)
 Metaspace       used 66076K, committed 67392K, reserved 1114112K
  class space    used 8188K, committed 8704K, reserved 1048576K
}
Event: 90.752 GC heap after
{Heap after GC invocations=60 (full 3):
 PSYoungGen      total 16384K, used 224K [0x00000000d5580000, 0x00000000d6600000, 0x0000000100000000)
  eden space 14848K, 0% used [0x00000000d5580000,0x00000000d5580000,0x00000000d6400000)
  from space 1536K, 14% used [0x00000000d6400000,0x00000000d6438000,0x00000000d6580000)
  to   space 512K, 0% used [0x00000000d6580000,0x00000000d6580000,0x00000000d6600000)
 ParOldGen       total 68608K, used 45586K [0x0000000080000000, 0x0000000084300000, 0x00000000d5580000)
  object space 68608K, 66% used [0x0000000080000000,0x0000000082c84808,0x0000000084300000)
 Metaspace       used 66076K, committed 67392K, reserved 1114112K
  class space    used 8188K, committed 8704K, reserved 1048576K
}
Event: 90.886 GC heap before
{Heap before GC invocations=61 (full 3):
 PSYoungGen      total 16384K, used 15072K [0x00000000d5580000, 0x00000000d6600000, 0x0000000100000000)
  eden space 14848K, 100% used [0x00000000d5580000,0x00000000d6400000,0x00000000d6400000)
  from space 1536K, 14% used [0x00000000d6400000,0x00000000d6438000,0x00000000d6580000)
  to   space 512K, 0% used [0x00000000d6580000,0x00000000d6580000,0x00000000d6600000)
 ParOldGen       total 68608K, used 45586K [0x0000000080000000, 0x0000000084300000, 0x00000000d5580000)
  object space 68608K, 66% used [0x0000000080000000,0x0000000082c84808,0x0000000084300000)
 Metaspace       used 66076K, committed 67392K, reserved 1114112K
  class space    used 8188K, committed 8704K, reserved 1048576K
}
Event: 90.888 GC heap after
{Heap after GC invocations=61 (full 3):
 PSYoungGen      total 15360K, used 506K [0x00000000d5580000, 0x00000000d6700000, 0x0000000100000000)
  eden space 14848K, 0% used [0x00000000d5580000,0x00000000d5580000,0x00000000d6400000)
  from space 512K, 98% used [0x00000000d6580000,0x00000000d65fe950,0x00000000d6600000)
  to   space 1536K, 0% used [0x00000000d6400000,0x00000000d6400000,0x00000000d6580000)
 ParOldGen       total 68608K, used 46012K [0x0000000080000000, 0x0000000084300000, 0x00000000d5580000)
  object space 68608K, 67% used [0x0000000080000000,0x0000000082cef0c8,0x0000000084300000)
 Metaspace       used 66076K, committed 67392K, reserved 1114112K
  class space    used 8188K, committed 8704K, reserved 1048576K
}
Event: 90.998 GC heap before
{Heap before GC invocations=62 (full 3):
 PSYoungGen      total 15360K, used 15354K [0x00000000d5580000, 0x00000000d6700000, 0x0000000100000000)
  eden space 14848K, 100% used [0x00000000d5580000,0x00000000d6400000,0x00000000d6400000)
  from space 512K, 98% used [0x00000000d6580000,0x00000000d65fe950,0x00000000d6600000)
  to   space 1536K, 0% used [0x00000000d6400000,0x00000000d6400000,0x00000000d6580000)
 ParOldGen       total 68608K, used 46012K [0x0000000080000000, 0x0000000084300000, 0x00000000d5580000)
  object space 68608K, 67% used [0x0000000080000000,0x0000000082cef0c8,0x0000000084300000)
 Metaspace       used 66076K, committed 67392K, reserved 1114112K
  class space    used 8188K, committed 8704K, reserved 1048576K
}
Event: 91.000 GC heap after
{Heap after GC invocations=62 (full 3):
 PSYoungGen      total 16384K, used 192K [0x00000000d5580000, 0x00000000d6600000, 0x0000000100000000)
  eden space 14848K, 0% used [0x00000000d5580000,0x00000000d5580000,0x00000000d6400000)
  from space 1536K, 12% used [0x00000000d6400000,0x00000000d6430000,0x00000000d6580000)
  to   space 512K, 0% used [0x00000000d6580000,0x00000000d6580000,0x00000000d6600000)
 ParOldGen       total 68608K, used 46538K [0x0000000080000000, 0x0000000084300000, 0x00000000d5580000)
  object space 68608K, 67% used [0x0000000080000000,0x0000000082d72910,0x0000000084300000)
 Metaspace       used 66076K, committed 67392K, reserved 1114112K
  class space    used 8188K, committed 8704K, reserved 1048576K
}
Event: 91.504 GC heap before
{Heap before GC invocations=63 (full 3):
 PSYoungGen      total 16384K, used 15040K [0x00000000d5580000, 0x00000000d6600000, 0x0000000100000000)
  eden space 14848K, 100% used [0x00000000d5580000,0x00000000d6400000,0x00000000d6400000)
  from space 1536K, 12% used [0x00000000d6400000,0x00000000d6430000,0x00000000d6580000)
  to   space 512K, 0% used [0x00000000d6580000,0x00000000d6580000,0x00000000d6600000)
 ParOldGen       total 68608K, used 46538K [0x0000000080000000, 0x0000000084300000, 0x00000000d5580000)
  object space 68608K, 67% used [0x0000000080000000,0x0000000082d72910,0x0000000084300000)
 Metaspace       used 66875K, committed 68160K, reserved 1114112K
  class space    used 8318K, committed 8832K, reserved 1048576K
}
Event: 91.505 GC heap after
{Heap after GC invocations=63 (full 3):
 PSYoungGen      total 15360K, used 512K [0x00000000d5580000, 0x00000000d6600000, 0x0000000100000000)
  eden space 14848K, 0% used [0x00000000d5580000,0x00000000d5580000,0x00000000d6400000)
  from space 512K, 100% used [0x00000000d6580000,0x00000000d6600000,0x00000000d6600000)
  to   space 1024K, 0% used [0x00000000d6400000,0x00000000d6400000,0x00000000d6500000)
 ParOldGen       total 68608K, used 46618K [0x0000000080000000, 0x0000000084300000, 0x00000000d5580000)
  object space 68608K, 67% used [0x0000000080000000,0x0000000082d86920,0x0000000084300000)
 Metaspace       used 66875K, committed 68160K, reserved 1114112K
  class space    used 8318K, committed 8832K, reserved 1048576K
}
Event: 111.169 GC heap before
{Heap before GC invocations=64 (full 3):
 PSYoungGen      total 15360K, used 15360K [0x00000000d5580000, 0x00000000d6600000, 0x0000000100000000)
  eden space 14848K, 100% used [0x00000000d5580000,0x00000000d6400000,0x00000000d6400000)
  from space 512K, 100% used [0x00000000d6580000,0x00000000d6600000,0x00000000d6600000)
  to   space 1024K, 0% used [0x00000000d6400000,0x00000000d6400000,0x00000000d6500000)
 ParOldGen       total 68608K, used 46618K [0x0000000080000000, 0x0000000084300000, 0x00000000d5580000)
  object space 68608K, 67% used [0x0000000080000000,0x0000000082d86920,0x0000000084300000)
 Metaspace       used 67762K, committed 69056K, reserved 1114112K
  class space    used 8433K, committed 8960K, reserved 1048576K
}
Event: 111.173 GC heap after
{Heap after GC invocations=64 (full 3):
 PSYoungGen      total 15872K, used 997K [0x00000000d5580000, 0x00000000d6800000, 0x0000000100000000)
  eden space 14848K, 0% used [0x00000000d5580000,0x00000000d5580000,0x00000000d6400000)
  from space 1024K, 97% used [0x00000000d6400000,0x00000000d64f9690,0x00000000d6500000)
  to   space 2048K, 0% used [0x00000000d6600000,0x00000000d6600000,0x00000000d6800000)
 ParOldGen       total 68608K, used 47194K [0x0000000080000000, 0x0000000084300000, 0x00000000d5580000)
  object space 68608K, 68% used [0x0000000080000000,0x0000000082e16920,0x0000000084300000)
 Metaspace       used 67762K, committed 69056K, reserved 1114112K
  class space    used 8433K, committed 8960K, reserved 1048576K
}
Event: 128.029 GC heap before
{Heap before GC invocations=65 (full 3):
 PSYoungGen      total 15872K, used 15845K [0x00000000d5580000, 0x00000000d6800000, 0x0000000100000000)
  eden space 14848K, 99% used [0x00000000d5580000,0x00000000d63fffe8,0x00000000d6400000)
  from space 1024K, 97% used [0x00000000d6400000,0x00000000d64f9690,0x00000000d6500000)
  to   space 2048K, 0% used [0x00000000d6600000,0x00000000d6600000,0x00000000d6800000)
 ParOldGen       total 68608K, used 47194K [0x0000000080000000, 0x0000000084300000, 0x00000000d5580000)
  object space 68608K, 68% used [0x0000000080000000,0x0000000082e16920,0x0000000084300000)
 Metaspace       used 68814K, committed 70208K, reserved 1114112K
  class space    used 8554K, committed 9152K, reserved 1048576K
}
Event: 128.032 GC heap after
{Heap after GC invocations=65 (full 3):
 PSYoungGen      total 15872K, used 632K [0x00000000d5580000, 0x00000000d6700000, 0x0000000100000000)
  eden space 14848K, 0% used [0x00000000d5580000,0x00000000d5580000,0x00000000d6400000)
  from space 1024K, 61% used [0x00000000d6600000,0x00000000d669e1a8,0x00000000d6700000)
  to   space 1024K, 0% used [0x00000000d6400000,0x00000000d6400000,0x00000000d6500000)
 ParOldGen       total 68608K, used 47490K [0x0000000080000000, 0x0000000084300000, 0x00000000d5580000)
  object space 68608K, 69% used [0x0000000080000000,0x0000000082e609c8,0x0000000084300000)
 Metaspace       used 68814K, committed 70208K, reserved 1114112K
  class space    used 8554K, committed 9152K, reserved 1048576K
}

